<?xml version="1.0" encoding="UTF-8"?>
<!-- Generated by org.testng.reporters.JUnitXMLReporter -->
<testsuite hostname="prvnmali" ignored="0" name="Car Loan" tests="5" failures="0" timestamp="04 Feb 2019 04:53:23 GMT" time="0.021" errors="0">
  <testcase name="mobileLoginCarLoan" time="0.001" classname="test.Loan"/>
  <testcase name="webCarloan" time="0.001" classname="test.Loan"/>
  <testcase name="LoginApiCarLoan" time="0.001" classname="test.Loan"/>
  <testcase name="mobileSignOutCarLoan" time="0.002" classname="test.Loan"/>
  <testcase name="mobileSigninCarLoan" time="0.001" classname="test.Loan"/>
</testsuite> <!-- Car Loan -->
