<?xml version="1.0" encoding="UTF-8"?>
<!-- Generated by org.testng.reporters.JUnitXMLReporter -->
<testsuite hostname="prvnmali" ignored="11" tests="0" failures="0" timestamp="03 Feb 2019 06:24:44 GMT" time="0.004" errors="0">
  <testcase name="demo" time="0.0" classname="test.Basics">
    <ignored/>
  </testcase> <!-- demo -->
  <testcase name="mobileSigninCarLoan" time="0.0" classname="test.Loan">
    <ignored/>
  </testcase> <!-- mobileSigninCarLoan -->
  <testcase name="mobileLoginHomeLoan" time="0.0" classname="test.HomeLoan">
    <ignored/>
  </testcase> <!-- mobileLoginHomeLoan -->
  <testcase name="mobileLoginCarLoan" time="0.0" classname="test.Loan">
    <ignored/>
  </testcase> <!-- mobileLoginCarLoan -->
  <testcase name="seondTestCase" time="0.0" classname="test.Basics">
    <ignored/>
  </testcase> <!-- seondTestCase -->
  <testcase name="mobileSignOutCarLoan" time="0.0" classname="test.Loan">
    <ignored/>
  </testcase> <!-- mobileSignOutCarLoan -->
  <testcase name="LoginApiHomeLoan" time="0.0" classname="test.HomeLoan">
    <ignored/>
  </testcase> <!-- LoginApiHomeLoan -->
  <testcase name="webHomeloan" time="0.0" classname="test.HomeLoan">
    <ignored/>
  </testcase> <!-- webHomeloan -->
  <testcase name="webCarloan" time="0.0" classname="test.Loan">
    <ignored/>
  </testcase> <!-- webCarloan -->
  <testcase name="personalLoanExample" time="0.0" classname="test.PersonalLoan">
    <ignored/>
  </testcase> <!-- personalLoanExample -->
  <testcase name="LoginApiCarLoan" time="0.0" classname="test.Loan">
    <ignored/>
  </testcase> <!-- LoginApiCarLoan -->
</testsuite>
