<?xml version="1.0" encoding="UTF-8"?>
<!-- Generated by org.testng.reporters.JUnitXMLReporter -->
<testsuite hostname="prvnmali" ignored="0" name="PersonalLoan" tests="6" failures="0" timestamp="04 Feb 2019 04:53:23 GMT" time="0.067" errors="0">
  <testcase name="demo" time="0.014" classname="test.Basics"/>
  <testcase name="seondTestCase" time="0.002" classname="test.Basics"/>
  <testcase name="personalLoanExample" time="0.001" classname="test.PersonalLoan"/>
  <testcase name="LoginApiHomeLoan" time="0.001" classname="test.HomeLoan"/>
  <testcase name="mobileLoginHomeLoan" time="0.002" classname="test.HomeLoan"/>
  <testcase name="webHomeloan" time="0.002" classname="test.HomeLoan"/>
</testsuite> <!-- PersonalLoan -->
