<?xml version="1.0" encoding="UTF-8"?>
<testng-results skipped="0" failed="0" ignored="0" total="1" passed="1">
  <reporter-output>
  </reporter-output>
  <suite name="Default suite" duration-ms="43" started-at="2019-02-07T03:12:15Z" finished-at="2019-02-07T03:12:15Z">
    <groups>
    </groups>
    <test name="Default test" duration-ms="43" started-at="2019-02-07T03:12:15Z" finished-at="2019-02-07T03:12:15Z">
      <class name="test.Annots">
        <test-method status="PASS" signature="login()[pri:0, instance:test.Annots@573f2bb1]" name="login" duration-ms="12" started-at="2019-02-07T03:12:15Z" finished-at="2019-02-07T03:12:15Z">
          <reporter-output>
          </reporter-output>
        </test-method> <!-- login -->
      </class> <!-- test.Annots -->
    </test> <!-- Default test -->
  </suite> <!-- Default suite -->
</testng-results>
